[debug] [2019-08-19T20:14:02.930Z] ----------------------------------------------------------------------
[debug] [2019-08-19T20:14:02.932Z] Command:       C:\Program Files\nodejs\node.exe C:\Users\Ewelina\AppData\Roaming\npm\node_modules\firebase-tools\lib\bin\firebase.js deploy
[debug] [2019-08-19T20:14:02.932Z] CLI Version:   7.0.2
[debug] [2019-08-19T20:14:02.932Z] Platform:      win32
[debug] [2019-08-19T20:14:02.932Z] Node Version:  v10.15.3
[debug] [2019-08-19T20:14:02.933Z] Time:          Mon Aug 19 2019 22:14:02 GMT+0200 (GMT+02:00)
[debug] [2019-08-19T20:14:02.933Z] ----------------------------------------------------------------------
[debug] 
[debug] [2019-08-19T20:14:02.940Z] > command requires scopes: ["email","openid","https://www.googleapis.com/auth/cloudplatformprojects.readonly","https://www.googleapis.com/auth/firebase","https://www.googleapis.com/auth/cloud-platform"]
[debug] [2019-08-19T20:14:02.940Z] > authorizing via signed-in user
[debug] [2019-08-19T20:14:02.940Z] [iam] checking project climb-it-application for permissions ["firebase.projects.get","firebasehosting.sites.update"]
[debug] [2019-08-19T20:14:02.941Z] >>> HTTP REQUEST POST https://cloudresourcemanager.googleapis.com/v1/projects/climb-it-application:testIamPermissions  

[debug] [2019-08-19T20:14:03.984Z] <<< HTTP RESPONSE 200
[debug] [2019-08-19T20:14:03.986Z] >>> HTTP REQUEST GET https://firebase.googleapis.com/v1beta1/projects/climb-it-application  
 
[debug] [2019-08-19T20:14:04.403Z] <<< HTTP RESPONSE 200
[info] 
[info] === Deploying to 'climb-it-application'...
[info] 
[info] i  deploying hosting
[debug] [2019-08-19T20:14:04.416Z] >>> HTTP REQUEST POST https://firebasehosting.googleapis.com/v1beta1/sites/climb-it-application/versions  

[debug] [2019-08-19T20:14:05.443Z] <<< HTTP RESPONSE 500
[debug] [2019-08-19T20:14:05.443Z] <<< HTTP RESPONSE BODY
[error] 
[error] Error: HTTP Error: 500, Internal error encountered.
[debug] [2019-08-19T20:14:05.633Z] Error Context: {
  "body": {
    "error": {
      "code": 500,
      "message": "Internal error encountered.",
      "status": "INTERNAL"
    }
  },
  "response": {
    "statusCode": 500,
    "body": {
      "error": {
        "code": 500,
        "message": "Internal error encountered.",
        "status": "INTERNAL"
      }
    },
    "headers": {
      "vary": "X-Origin, Referer, Origin,Accept-Encoding",
      "content-type": "application/json; charset=UTF-8",
      "date": "Mon, 19 Aug 2019 20:14:07 GMT",
      "server": "ESF",
      "cache-control": "private",
      "x-xss-protection": "0",
      "x-frame-options": "SAMEORIGIN",
      "x-content-type-options": "nosniff",
      "alt-svc": "quic=\":443\"; ma=2592000; v=\"46,43,39\"",
      "accept-ranges": "none",
      "transfer-encoding": "chunked"
    },
    "request": {
      "uri": {
        "protocol": "https:",
        "slashes": true,
        "auth": null,
        "host": "firebasehosting.googleapis.com",
        "port": 443,
        "hostname": "firebasehosting.googleapis.com",
        "hash": null,
        "search": null,
        "query": null,
        "pathname": "/v1beta1/sites/climb-it-application/versions",
        "path": "/v1beta1/sites/climb-it-application/versions",
        "href": "https://firebasehosting.googleapis.com/v1beta1/sites/climb-it-application/versions"
      },
      "method": "POST"
    }
  }
}
[debug] [2019-08-19T20:14:16.110Z] ----------------------------------------------------------------------
[debug] [2019-08-19T20:14:16.112Z] Command:       C:\Program Files\nodejs\node.exe C:\Users\Ewelina\AppData\Roaming\npm\node_modules\firebase-tools\lib\bin\firebase.js deploy
[debug] [2019-08-19T20:14:16.112Z] CLI Version:   7.0.2
[debug] [2019-08-19T20:14:16.112Z] Platform:      win32
[debug] [2019-08-19T20:14:16.112Z] Node Version:  v10.15.3
[debug] [2019-08-19T20:14:16.113Z] Time:          Mon Aug 19 2019 22:14:16 GMT+0200 (GMT+02:00)
[debug] [2019-08-19T20:14:16.113Z] ----------------------------------------------------------------------
[debug] 
[debug] [2019-08-19T20:14:16.120Z] > command requires scopes: ["email","openid","https://www.googleapis.com/auth/cloudplatformprojects.readonly","https://www.googleapis.com/auth/firebase","https://www.googleapis.com/auth/cloud-platform"]
[debug] [2019-08-19T20:14:16.120Z] > authorizing via signed-in user
[debug] [2019-08-19T20:14:16.121Z] [iam] checking project climb-it-application for permissions ["firebase.projects.get","firebasehosting.sites.update"]
[debug] [2019-08-19T20:14:16.122Z] >>> HTTP REQUEST POST https://cloudresourcemanager.googleapis.com/v1/projects/climb-it-application:testIamPermissions  

[debug] [2019-08-19T20:14:17.114Z] <<< HTTP RESPONSE 200
[debug] [2019-08-19T20:14:17.116Z] >>> HTTP REQUEST GET https://firebase.googleapis.com/v1beta1/projects/climb-it-application  
 
[debug] [2019-08-19T20:14:17.440Z] <<< HTTP RESPONSE 200
[info] 
[info] === Deploying to 'climb-it-application'...
[info] 
[info] i  deploying hosting
[debug] [2019-08-19T20:14:17.447Z] >>> HTTP REQUEST POST https://firebasehosting.googleapis.com/v1beta1/sites/climb-it-application/versions  

[debug] [2019-08-19T20:14:18.479Z] <<< HTTP RESPONSE 500
[debug] [2019-08-19T20:14:18.480Z] <<< HTTP RESPONSE BODY
[error] 
[error] Error: HTTP Error: 500, Internal error encountered.
[debug] [2019-08-19T20:14:18.651Z] Error Context: {
  "body": {
    "error": {
      "code": 500,
      "message": "Internal error encountered.",
      "status": "INTERNAL"
    }
  },
  "response": {
    "statusCode": 500,
    "body": {
      "error": {
        "code": 500,
        "message": "Internal error encountered.",
        "status": "INTERNAL"
      }
    },
    "headers": {
      "vary": "X-Origin, Referer, Origin,Accept-Encoding",
      "content-type": "application/json; charset=UTF-8",
      "date": "Mon, 19 Aug 2019 20:14:20 GMT",
      "server": "ESF",
      "cache-control": "private",
      "x-xss-protection": "0",
      "x-frame-options": "SAMEORIGIN",
      "x-content-type-options": "nosniff",
      "alt-svc": "quic=\":443\"; ma=2592000; v=\"46,43,39\"",
      "accept-ranges": "none",
      "transfer-encoding": "chunked"
    },
    "request": {
      "uri": {
        "protocol": "https:",
        "slashes": true,
        "auth": null,
        "host": "firebasehosting.googleapis.com",
        "port": 443,
        "hostname": "firebasehosting.googleapis.com",
        "hash": null,
        "search": null,
        "query": null,
        "pathname": "/v1beta1/sites/climb-it-application/versions",
        "path": "/v1beta1/sites/climb-it-application/versions",
        "href": "https://firebasehosting.googleapis.com/v1beta1/sites/climb-it-application/versions"
      },
      "method": "POST"
    }
  }
}
[debug] [2019-08-19T20:21:10.510Z] ----------------------------------------------------------------------
[debug] [2019-08-19T20:21:10.511Z] Command:       C:\Program Files\nodejs\node.exe C:\Users\Ewelina\AppData\Roaming\npm\node_modules\firebase-tools\lib\bin\firebase.js deploy
[debug] [2019-08-19T20:21:10.512Z] CLI Version:   7.0.2
[debug] [2019-08-19T20:21:10.512Z] Platform:      win32
[debug] [2019-08-19T20:21:10.512Z] Node Version:  v10.15.3
[debug] [2019-08-19T20:21:10.513Z] Time:          Mon Aug 19 2019 22:21:10 GMT+0200 (GMT+02:00)
[debug] [2019-08-19T20:21:10.513Z] ----------------------------------------------------------------------
[debug] 
[debug] [2019-08-19T20:21:10.519Z] > command requires scopes: ["email","openid","https://www.googleapis.com/auth/cloudplatformprojects.readonly","https://www.googleapis.com/auth/firebase","https://www.googleapis.com/auth/cloud-platform"]
[debug] [2019-08-19T20:21:10.520Z] > authorizing via signed-in user
[debug] [2019-08-19T20:21:10.520Z] [iam] checking project climb-it-application for permissions ["firebase.projects.get","firebasehosting.sites.update"]
[debug] [2019-08-19T20:21:10.521Z] > refreshing access token with scopes: ["email","https://www.googleapis.com/auth/cloud-platform","https://www.googleapis.com/auth/cloudplatformprojects.readonly","https://www.googleapis.com/auth/firebase","openid"]
[debug] [2019-08-19T20:21:10.521Z] >>> HTTP REQUEST POST https://www.googleapis.com/oauth2/v3/token  
 <request body omitted>
[debug] [2019-08-19T20:21:10.831Z] <<< HTTP RESPONSE 200
[debug] [2019-08-19T20:21:10.842Z] >>> HTTP REQUEST POST https://cloudresourcemanager.googleapis.com/v1/projects/climb-it-application:testIamPermissions  

[debug] [2019-08-19T20:21:11.886Z] <<< HTTP RESPONSE 200
[debug] [2019-08-19T20:21:11.888Z] >>> HTTP REQUEST GET https://firebase.googleapis.com/v1beta1/projects/climb-it-application  
 
[debug] [2019-08-19T20:21:12.296Z] <<< HTTP RESPONSE 200
[info] 
[info] === Deploying to 'climb-it-application'...
[info] 
[info] i  deploying hosting
[debug] [2019-08-19T20:21:12.302Z] >>> HTTP REQUEST POST https://firebasehosting.googleapis.com/v1beta1/sites/climb-it-application/versions  

[debug] [2019-08-19T20:21:13.845Z] <<< HTTP RESPONSE 200
[info] i  hosting[climb-it-application]: beginning deploy...
[info] i  hosting[climb-it-application]: found 22 files in build
[debug] [2019-08-19T20:21:13.860Z] [hosting] hash cache [YnVpbGQ] load error: lines is not defined
[debug] [2019-08-19T20:21:14.716Z] [hosting] hash cache [YnVpbGQ] stored for 22 files
[debug] [2019-08-19T20:21:14.717Z] [hosting][hash queue][FINAL]
[debug] [2019-08-19T20:21:14.717Z] >>> HTTP REQUEST POST https://firebasehosting.googleapis.com/v1beta1/sites/climb-it-application/versions/6f59e3d32abfd47c:populateFiles  
 <request body omitted>
[debug] [2019-08-19T20:21:16.076Z] <<< HTTP RESPONSE 200
[debug] [2019-08-19T20:21:16.080Z] [hosting][populate queue][FINAL]
[debug] [2019-08-19T20:21:16.080Z] [hosting] uploads queued: 5
[debug] [2019-08-19T20:21:19.210Z] [hosting][upload queue][FINAL]
[info] +  hosting[climb-it-application]: file upload complete
[debug] [2019-08-19T20:21:19.213Z] [hosting] deploy completed after 5366ms
[debug] [2019-08-19T20:21:19.398Z] [
  {
    "config": {
      "public": "build",
      "ignore": [
        "firebase.json",
        "**/.*",
        "**/node_modules/**"
      ],
      "rewrites": [
        {
          "source": "**",
          "destination": "/index.html"
        }
      ],
      "site": "climb-it-application"
    },
    "site": "climb-it-application",
    "version": "sites/climb-it-application/versions/6f59e3d32abfd47c"
  }
]
[info] i  hosting[climb-it-application]: finalizing version...
[debug] [2019-08-19T20:21:19.401Z] >>> HTTP REQUEST PATCH https://firebasehosting.googleapis.com/v1beta1/sites/climb-it-application/versions/6f59e3d32abfd47c?updateMask=status  

[debug] [2019-08-19T20:21:20.556Z] <<< HTTP RESPONSE 200
[debug] [2019-08-19T20:21:20.557Z] [hosting] finalized version for climb-it-application:
[info] +  hosting[climb-it-application]: version finalized
[info] i  hosting[climb-it-application]: releasing new version...
[debug] [2019-08-19T20:21:20.561Z] >>> HTTP REQUEST POST https://firebasehosting.googleapis.com/v1beta1/sites/climb-it-application/releases?version_name=sites/climb-it-application/versions/6f59e3d32abfd47c  

[debug] [2019-08-19T20:21:21.537Z] <<< HTTP RESPONSE 500
[debug] [2019-08-19T20:21:21.538Z] <<< HTTP RESPONSE BODY
[error] 
[error] Error: HTTP Error: 500, Internal error encountered.
[debug] [2019-08-19T20:21:21.685Z] Error Context: {
  "body": {
    "error": {
      "code": 500,
      "message": "Internal error encountered.",
      "status": "INTERNAL"
    }
  },
  "response": {
    "statusCode": 500,
    "body": {
      "error": {
        "code": 500,
        "message": "Internal error encountered.",
        "status": "INTERNAL"
      }
    },
    "headers": {
      "vary": "X-Origin, Referer, Origin,Accept-Encoding",
      "content-type": "application/json; charset=UTF-8",
      "date": "Mon, 19 Aug 2019 20:21:23 GMT",
      "server": "ESF",
      "cache-control": "private",
      "x-xss-protection": "0",
      "x-frame-options": "SAMEORIGIN",
      "x-content-type-options": "nosniff",
      "alt-svc": "quic=\":443\"; ma=2592000; v=\"46,43,39\"",
      "accept-ranges": "none",
      "transfer-encoding": "chunked"
    },
    "request": {
      "uri": {
        "protocol": "https:",
        "slashes": true,
        "auth": null,
        "host": "firebasehosting.googleapis.com",
        "port": 443,
        "hostname": "firebasehosting.googleapis.com",
        "hash": null,
        "search": "?version_name=sites/climb-it-application/versions/6f59e3d32abfd47c",
        "query": "version_name=sites/climb-it-application/versions/6f59e3d32abfd47c",
        "pathname": "/v1beta1/sites/climb-it-application/releases",
        "path": "/v1beta1/sites/climb-it-application/releases?version_name=sites/climb-it-application/versions/6f59e3d32abfd47c",
        "href": "https://firebasehosting.googleapis.com/v1beta1/sites/climb-it-application/releases?version_name=sites/climb-it-application/versions/6f59e3d32abfd47c"
      },
      "method": "POST"
    }
  }
}
[debug] [2019-08-19T20:21:53.711Z] ----------------------------------------------------------------------
[debug] [2019-08-19T20:21:53.713Z] Command:       C:\Program Files\nodejs\node.exe C:\Users\Ewelina\AppData\Roaming\npm\node_modules\firebase-tools\lib\bin\firebase.js deploy
[debug] [2019-08-19T20:21:53.713Z] CLI Version:   7.0.2
[debug] [2019-08-19T20:21:53.713Z] Platform:      win32
[debug] [2019-08-19T20:21:53.713Z] Node Version:  v10.15.3
[debug] [2019-08-19T20:21:53.714Z] Time:          Mon Aug 19 2019 22:21:53 GMT+0200 (GMT+02:00)
[debug] [2019-08-19T20:21:53.714Z] ----------------------------------------------------------------------
[debug] 
[debug] [2019-08-19T20:21:53.721Z] > command requires scopes: ["email","openid","https://www.googleapis.com/auth/cloudplatformprojects.readonly","https://www.googleapis.com/auth/firebase","https://www.googleapis.com/auth/cloud-platform"]
[debug] [2019-08-19T20:21:53.721Z] > authorizing via signed-in user
[debug] [2019-08-19T20:21:53.721Z] [iam] checking project climb-it-application for permissions ["firebase.projects.get","firebasehosting.sites.update"]
[debug] [2019-08-19T20:21:53.723Z] >>> HTTP REQUEST POST https://cloudresourcemanager.googleapis.com/v1/projects/climb-it-application:testIamPermissions  

[debug] [2019-08-19T20:21:54.740Z] <<< HTTP RESPONSE 200
[debug] [2019-08-19T20:21:54.742Z] >>> HTTP REQUEST GET https://firebase.googleapis.com/v1beta1/projects/climb-it-application  
 
[debug] [2019-08-19T20:21:55.068Z] <<< HTTP RESPONSE 200
[info] 
[info] === Deploying to 'climb-it-application'...
[info] 
[info] i  deploying hosting
[debug] [2019-08-19T20:21:55.074Z] >>> HTTP REQUEST POST https://firebasehosting.googleapis.com/v1beta1/sites/climb-it-application/versions  

[debug] [2019-08-19T20:21:56.080Z] <<< HTTP RESPONSE 500
[debug] [2019-08-19T20:21:56.080Z] <<< HTTP RESPONSE BODY
[error] 
[error] Error: HTTP Error: 500, Internal error encountered.
[debug] [2019-08-19T20:21:56.274Z] Error Context: {
  "body": {
    "error": {
      "code": 500,
      "message": "Internal error encountered.",
      "status": "INTERNAL"
    }
  },
  "response": {
    "statusCode": 500,
    "body": {
      "error": {
        "code": 500,
        "message": "Internal error encountered.",
        "status": "INTERNAL"
      }
    },
    "headers": {
      "vary": "X-Origin, Referer, Origin,Accept-Encoding",
      "content-type": "application/json; charset=UTF-8",
      "date": "Mon, 19 Aug 2019 20:21:58 GMT",
      "server": "ESF",
      "cache-control": "private",
      "x-xss-protection": "0",
      "x-frame-options": "SAMEORIGIN",
      "x-content-type-options": "nosniff",
      "alt-svc": "quic=\":443\"; ma=2592000; v=\"46,43,39\"",
      "accept-ranges": "none",
      "transfer-encoding": "chunked"
    },
    "request": {
      "uri": {
        "protocol": "https:",
        "slashes": true,
        "auth": null,
        "host": "firebasehosting.googleapis.com",
        "port": 443,
        "hostname": "firebasehosting.googleapis.com",
        "hash": null,
        "search": null,
        "query": null,
        "pathname": "/v1beta1/sites/climb-it-application/versions",
        "path": "/v1beta1/sites/climb-it-application/versions",
        "href": "https://firebasehosting.googleapis.com/v1beta1/sites/climb-it-application/versions"
      },
      "method": "POST"
    }
  }
}
[debug] [2019-08-19T20:22:03.203Z] ----------------------------------------------------------------------
[debug] [2019-08-19T20:22:03.205Z] Command:       C:\Program Files\nodejs\node.exe C:\Users\Ewelina\AppData\Roaming\npm\node_modules\firebase-tools\lib\bin\firebase.js deploy
[debug] [2019-08-19T20:22:03.205Z] CLI Version:   7.0.2
[debug] [2019-08-19T20:22:03.205Z] Platform:      win32
[debug] [2019-08-19T20:22:03.205Z] Node Version:  v10.15.3
[debug] [2019-08-19T20:22:03.206Z] Time:          Mon Aug 19 2019 22:22:03 GMT+0200 (GMT+02:00)
[debug] [2019-08-19T20:22:03.206Z] ----------------------------------------------------------------------
[debug] 
[debug] [2019-08-19T20:22:03.213Z] > command requires scopes: ["email","openid","https://www.googleapis.com/auth/cloudplatformprojects.readonly","https://www.googleapis.com/auth/firebase","https://www.googleapis.com/auth/cloud-platform"]
[debug] [2019-08-19T20:22:03.213Z] > authorizing via signed-in user
[debug] [2019-08-19T20:22:03.213Z] [iam] checking project climb-it-application for permissions ["firebase.projects.get","firebasehosting.sites.update"]
[debug] [2019-08-19T20:22:03.215Z] >>> HTTP REQUEST POST https://cloudresourcemanager.googleapis.com/v1/projects/climb-it-application:testIamPermissions  

[debug] [2019-08-19T20:22:04.226Z] <<< HTTP RESPONSE 200
[debug] [2019-08-19T20:22:04.229Z] >>> HTTP REQUEST GET https://firebase.googleapis.com/v1beta1/projects/climb-it-application  
 
[debug] [2019-08-19T20:22:04.567Z] <<< HTTP RESPONSE 200
[info] 
[info] === Deploying to 'climb-it-application'...
[info] 
[info] i  deploying hosting
[debug] [2019-08-19T20:22:04.570Z] >>> HTTP REQUEST POST https://firebasehosting.googleapis.com/v1beta1/sites/climb-it-application/versions  

[debug] [2019-08-19T20:22:06.004Z] <<< HTTP RESPONSE 200
[info] i  hosting[climb-it-application]: beginning deploy...
[info] i  hosting[climb-it-application]: found 22 files in build
[debug] [2019-08-19T20:22:06.025Z] [hosting] hash cache [YnVpbGQ] load error: lines is not defined
[debug] [2019-08-19T20:22:06.889Z] [hosting] hash cache [YnVpbGQ] stored for 22 files
[debug] [2019-08-19T20:22:06.889Z] [hosting][hash queue][FINAL]
[debug] [2019-08-19T20:22:06.890Z] >>> HTTP REQUEST POST https://firebasehosting.googleapis.com/v1beta1/sites/climb-it-application/versions/4bcbfc4c359e3c1d:populateFiles  
 <request body omitted>
[debug] [2019-08-19T20:22:08.683Z] <<< HTTP RESPONSE 200
[debug] [2019-08-19T20:22:08.684Z] [hosting][populate queue][FINAL]
[debug] [2019-08-19T20:22:08.685Z] [hosting] uploads queued: 0
[debug] [2019-08-19T20:22:08.685Z] [hosting][upload queue][FINAL]
[info] +  hosting[climb-it-application]: file upload complete
[debug] [2019-08-19T20:22:08.687Z] [hosting] deploy completed after 2682ms
[debug] [2019-08-19T20:22:08.860Z] [
  {
    "config": {
      "public": "build",
      "ignore": [
        "firebase.json",
        "**/.*",
        "**/node_modules/**"
      ],
      "rewrites": [
        {
          "source": "**",
          "destination": "/index.html"
        }
      ],
      "site": "climb-it-application"
    },
    "site": "climb-it-application",
    "version": "sites/climb-it-application/versions/4bcbfc4c359e3c1d"
  }
]
[info] i  hosting[climb-it-application]: finalizing version...
[debug] [2019-08-19T20:22:08.863Z] >>> HTTP REQUEST PATCH https://firebasehosting.googleapis.com/v1beta1/sites/climb-it-application/versions/4bcbfc4c359e3c1d?updateMask=status  

[debug] [2019-08-19T20:22:09.796Z] <<< HTTP RESPONSE 500
[debug] [2019-08-19T20:22:09.796Z] <<< HTTP RESPONSE BODY
[error] 
[error] Error: HTTP Error: 500, Internal error encountered.
[debug] [2019-08-19T20:22:09.928Z] Error Context: {
  "body": {
    "error": {
      "code": 500,
      "message": "Internal error encountered.",
      "status": "INTERNAL"
    }
  },
  "response": {
    "statusCode": 500,
    "body": {
      "error": {
        "code": 500,
        "message": "Internal error encountered.",
        "status": "INTERNAL"
      }
    },
    "headers": {
      "vary": "X-Origin, Referer, Origin,Accept-Encoding",
      "content-type": "application/json; charset=UTF-8",
      "date": "Mon, 19 Aug 2019 20:22:11 GMT",
      "server": "ESF",
      "cache-control": "private",
      "x-xss-protection": "0",
      "x-frame-options": "SAMEORIGIN",
      "x-content-type-options": "nosniff",
      "alt-svc": "quic=\":443\"; ma=2592000; v=\"46,43,39\"",
      "accept-ranges": "none",
      "transfer-encoding": "chunked"
    },
    "request": {
      "uri": {
        "protocol": "https:",
        "slashes": true,
        "auth": null,
        "host": "firebasehosting.googleapis.com",
        "port": 443,
        "hostname": "firebasehosting.googleapis.com",
        "hash": null,
        "search": "?updateMask=status",
        "query": "updateMask=status",
        "pathname": "/v1beta1/sites/climb-it-application/versions/4bcbfc4c359e3c1d",
        "path": "/v1beta1/sites/climb-it-application/versions/4bcbfc4c359e3c1d?updateMask=status",
        "href": "https://firebasehosting.googleapis.com/v1beta1/sites/climb-it-application/versions/4bcbfc4c359e3c1d?updateMask=status"
      },
      "method": "PATCH"
    }
  }
}
[debug] [2019-08-19T20:27:29.472Z] ----------------------------------------------------------------------
[debug] [2019-08-19T20:27:29.474Z] Command:       C:\Program Files\nodejs\node.exe C:\Users\Ewelina\AppData\Roaming\npm\node_modules\firebase-tools\lib\bin\firebase.js deploy
[debug] [2019-08-19T20:27:29.474Z] CLI Version:   7.0.2
[debug] [2019-08-19T20:27:29.474Z] Platform:      win32
[debug] [2019-08-19T20:27:29.474Z] Node Version:  v10.15.3
[debug] [2019-08-19T20:27:29.475Z] Time:          Mon Aug 19 2019 22:27:29 GMT+0200 (GMT+02:00)
[debug] [2019-08-19T20:27:29.475Z] ----------------------------------------------------------------------
[debug] 
[debug] [2019-08-19T20:27:29.481Z] > command requires scopes: ["email","openid","https://www.googleapis.com/auth/cloudplatformprojects.readonly","https://www.googleapis.com/auth/firebase","https://www.googleapis.com/auth/cloud-platform"]
[debug] [2019-08-19T20:27:29.482Z] > authorizing via signed-in user
[debug] [2019-08-19T20:27:29.482Z] [iam] checking project climb-it-application for permissions ["firebase.projects.get","firebasehosting.sites.update"]
[debug] [2019-08-19T20:27:29.483Z] >>> HTTP REQUEST POST https://cloudresourcemanager.googleapis.com/v1/projects/climb-it-application:testIamPermissions  

[debug] [2019-08-19T20:27:30.573Z] <<< HTTP RESPONSE 200
[debug] [2019-08-19T20:27:30.575Z] >>> HTTP REQUEST GET https://firebase.googleapis.com/v1beta1/projects/climb-it-application  
 
[debug] [2019-08-19T20:27:30.969Z] <<< HTTP RESPONSE 200
[info] 
[info] === Deploying to 'climb-it-application'...
[info] 
[info] i  deploying hosting
[debug] [2019-08-19T20:27:30.976Z] >>> HTTP REQUEST POST https://firebasehosting.googleapis.com/v1beta1/sites/climb-it-application/versions  

[debug] [2019-08-19T20:27:31.991Z] <<< HTTP RESPONSE 500
[debug] [2019-08-19T20:27:31.991Z] <<< HTTP RESPONSE BODY
[error] 
[error] Error: HTTP Error: 500, Internal error encountered.
[debug] [2019-08-19T20:27:32.172Z] Error Context: {
  "body": {
    "error": {
      "code": 500,
      "message": "Internal error encountered.",
      "status": "INTERNAL"
    }
  },
  "response": {
    "statusCode": 500,
    "body": {
      "error": {
        "code": 500,
        "message": "Internal error encountered.",
        "status": "INTERNAL"
      }
    },
    "headers": {
      "vary": "X-Origin, Referer, Origin,Accept-Encoding",
      "content-type": "application/json; charset=UTF-8",
      "date": "Mon, 19 Aug 2019 20:27:34 GMT",
      "server": "ESF",
      "cache-control": "private",
      "x-xss-protection": "0",
      "x-frame-options": "SAMEORIGIN",
      "x-content-type-options": "nosniff",
      "alt-svc": "quic=\":443\"; ma=2592000; v=\"46,43,39\"",
      "accept-ranges": "none",
      "transfer-encoding": "chunked"
    },
    "request": {
      "uri": {
        "protocol": "https:",
        "slashes": true,
        "auth": null,
        "host": "firebasehosting.googleapis.com",
        "port": 443,
        "hostname": "firebasehosting.googleapis.com",
        "hash": null,
        "search": null,
        "query": null,
        "pathname": "/v1beta1/sites/climb-it-application/versions",
        "path": "/v1beta1/sites/climb-it-application/versions",
        "href": "https://firebasehosting.googleapis.com/v1beta1/sites/climb-it-application/versions"
      },
      "method": "POST"
    }
  }
}
[debug] [2019-08-19T20:39:35.431Z] ----------------------------------------------------------------------
[debug] [2019-08-19T20:39:35.433Z] Command:       C:\Program Files\nodejs\node.exe C:\Users\Ewelina\AppData\Roaming\npm\node_modules\firebase-tools\lib\bin\firebase.js deploy
[debug] [2019-08-19T20:39:35.434Z] CLI Version:   7.0.2
[debug] [2019-08-19T20:39:35.434Z] Platform:      win32
[debug] [2019-08-19T20:39:35.434Z] Node Version:  v10.15.3
[debug] [2019-08-19T20:39:35.435Z] Time:          Mon Aug 19 2019 22:39:35 GMT+0200 (GMT+02:00)
[debug] [2019-08-19T20:39:35.435Z] ----------------------------------------------------------------------
[debug] 
[debug] [2019-08-19T20:39:35.442Z] > command requires scopes: ["email","openid","https://www.googleapis.com/auth/cloudplatformprojects.readonly","https://www.googleapis.com/auth/firebase","https://www.googleapis.com/auth/cloud-platform"]
[debug] [2019-08-19T20:39:35.442Z] > authorizing via signed-in user
[debug] [2019-08-19T20:39:35.442Z] [iam] checking project climb-it-application for permissions ["firebase.projects.get","firebasehosting.sites.update"]
[debug] [2019-08-19T20:39:35.443Z] >>> HTTP REQUEST POST https://cloudresourcemanager.googleapis.com/v1/projects/climb-it-application:testIamPermissions  

[debug] [2019-08-19T20:39:36.509Z] <<< HTTP RESPONSE 200
[debug] [2019-08-19T20:39:36.512Z] >>> HTTP REQUEST GET https://firebase.googleapis.com/v1beta1/projects/climb-it-application  
 
[debug] [2019-08-19T20:39:36.914Z] <<< HTTP RESPONSE 200
[info] 
[info] === Deploying to 'climb-it-application'...
[info] 
[info] i  deploying hosting
[debug] [2019-08-19T20:39:36.918Z] >>> HTTP REQUEST POST https://firebasehosting.googleapis.com/v1beta1/sites/climb-it-application/versions  

[debug] [2019-08-19T20:39:37.425Z] <<< HTTP RESPONSE 500
[debug] [2019-08-19T20:39:37.425Z] <<< HTTP RESPONSE BODY
[error] 
[error] Error: HTTP Error: 500, Internal error encountered.
[debug] [2019-08-19T20:39:37.613Z] Error Context: {
  "body": {
    "error": {
      "code": 500,
      "message": "Internal error encountered.",
      "status": "INTERNAL"
    }
  },
  "response": {
    "statusCode": 500,
    "body": {
      "error": {
        "code": 500,
        "message": "Internal error encountered.",
        "status": "INTERNAL"
      }
    },
    "headers": {
      "vary": "X-Origin, Referer, Origin,Accept-Encoding",
      "content-type": "application/json; charset=UTF-8",
      "date": "Mon, 19 Aug 2019 20:39:39 GMT",
      "server": "ESF",
      "cache-control": "private",
      "x-xss-protection": "0",
      "x-frame-options": "SAMEORIGIN",
      "x-content-type-options": "nosniff",
      "alt-svc": "quic=\":443\"; ma=2592000; v=\"46,43,39\"",
      "accept-ranges": "none",
      "transfer-encoding": "chunked"
    },
    "request": {
      "uri": {
        "protocol": "https:",
        "slashes": true,
        "auth": null,
        "host": "firebasehosting.googleapis.com",
        "port": 443,
        "hostname": "firebasehosting.googleapis.com",
        "hash": null,
        "search": null,
        "query": null,
        "pathname": "/v1beta1/sites/climb-it-application/versions",
        "path": "/v1beta1/sites/climb-it-application/versions",
        "href": "https://firebasehosting.googleapis.com/v1beta1/sites/climb-it-application/versions"
      },
      "method": "POST"
    }
  }
}
